
[43m[30m WARN [39m[49m Issue while reading "/Users/bradymckenna/Aqua_Prime/.npmrc". Failed to replace env in config: ${GITHUB_TOKEN}

> @ai16z/client-farcaster@0.1.6-alpha.4 build /Users/bradymckenna/Aqua_Prime/packages/client-farcaster
> tsup --format esm --dts

[34mCLI[39m Building entry: src/index.ts
[34mCLI[39m Using tsconfig: tsconfig.json
[34mCLI[39m tsup v8.3.5
[34mCLI[39m Using tsup config: /Users/bradymckenna/Aqua_Prime/packages/client-farcaster/tsup.config.ts
[34mCLI[39m Target: esnext
[34mCLI[39m Cleaning output folder
[34mESM[39m Build start
DTS Build start
[32mESM[39m [1mdist/index.js                  [22m[32m24.70 KB[39m
[32mESM[39m [1mdist/ccip-3IAWIAIU.js          [22m[32m290.00 B[39m
[32mESM[39m [1mdist/chunk-I6TN2GAR.js         [22m[32m136.29 KB[39m
[32mESM[39m [1mdist/chunk-PR4QN5HX.js         [22m[32m1.87 KB[39m
[32mESM[39m [1mdist/secp256k1-QZA5SALG.js     [22m[32m80.13 KB[39m
[32mESM[39m [1mdist/_esm-C2QE4HCF.js          [22m[32m133.00 KB[39m
[32mESM[39m [1mdist/index.js.map              [22m[32m50.79 KB[39m
[32mESM[39m [1mdist/chunk-PR4QN5HX.js.map     [22m[32m71.00 B[39m
[32mESM[39m [1mdist/ccip-3IAWIAIU.js.map      [22m[32m71.00 B[39m
[32mESM[39m [1mdist/secp256k1-QZA5SALG.js.map [22m[32m203.10 KB[39m
[32mESM[39m [1mdist/chunk-I6TN2GAR.js.map     [22m[32m393.66 KB[39m
[32mESM[39m [1mdist/_esm-C2QE4HCF.js.map      [22m[32m212.41 KB[39m
[32mESM[39m ⚡️ Build success in 363ms
DTS ⚡️ Build success in 5038ms
DTS dist/index.d.ts 2.62 KB
