
[43m[30m WARN [39m[49m Issue while reading "/Users/bradymckenna/Aqua_Prime/.npmrc". Failed to replace env in config: ${GITHUB_TOKEN}

> @ai16z/plugin-conflux@0.1.6-alpha.4 build /Users/bradymckenna/Aqua_Prime/packages/plugin-conflux
> tsup --format esm --dts

[34mCLI[39m Building entry: src/index.ts
[34mCLI[39m Using tsconfig: tsconfig.json
[34mCLI[39m tsup v8.3.5
[34mCLI[39m Using tsup config: /Users/bradymckenna/Aqua_Prime/packages/plugin-conflux/tsup.config.ts
[34mCLI[39m Target: esnext
[34mCLI[39m Cleaning output folder
[34mESM[39m Build start
DTS Build start
[32mESM[39m [1mdist/secp256k1-POFHGYGH.js     [22m[32m237.00 B[39m
[32mESM[39m [1mdist/chunk-3M76AWJP.js         [22m[32m80.13 KB[39m
[32mESM[39m [1mdist/ccip-TZCN6TEB.js          [22m[32m290.00 B[39m
[32mESM[39m [1mdist/index.js                  [22m[32m356.98 KB[39m
[32mESM[39m [1mdist/chunk-3BWUIM4Q.js         [22m[32m168.18 KB[39m
[32mESM[39m [1mdist/chunk-PR4QN5HX.js         [22m[32m1.87 KB[39m
[32mESM[39m [1mdist/_esm-3LJLMRDW.js          [22m[32m132.97 KB[39m
[32mESM[39m [1mdist/secp256k1-POFHGYGH.js.map [22m[32m71.00 B[39m
[32mESM[39m [1mdist/ccip-TZCN6TEB.js.map      [22m[32m71.00 B[39m
[32mESM[39m [1mdist/chunk-PR4QN5HX.js.map     [22m[32m71.00 B[39m
[32mESM[39m [1mdist/chunk-3BWUIM4Q.js.map     [22m[32m419.37 KB[39m
[32mESM[39m [1mdist/chunk-3M76AWJP.js.map     [22m[32m203.10 KB[39m
[32mESM[39m [1mdist/_esm-3LJLMRDW.js.map      [22m[32m212.40 KB[39m
[32mESM[39m [1mdist/index.js.map              [22m[32m1.05 MB[39m
[32mESM[39m ⚡️ Build success in 830ms
DTS ⚡️ Build success in 10060ms
DTS dist/index.d.ts 104.00 B
