
[43m[30m WARN [39m[49m Issue while reading "/Users/bradymckenna/Aqua_Prime/.npmrc". Failed to replace env in config: ${GITHUB_TOKEN}

> @ai16z/plugin-solana@0.1.6-alpha.4 build /Users/bradymckenna/Aqua_Prime/packages/plugin-solana
> tsup --format esm --dts

[34mCLI[39m Building entry: src/index.ts
[34mCLI[39m Using tsconfig: tsconfig.json
[34mCLI[39m tsup v8.3.5
[34mCLI[39m Using tsup config: /Users/bradymckenna/Aqua_Prime/packages/plugin-solana/tsup.config.ts
[34mCLI[39m Target: es2020
[34mCLI[39m Cleaning output folder
[34mESM[39m Build start
[32mESM[39m [1mdist/index.js     [22m[32m130.92 KB[39m
[32mESM[39m [1mdist/index.js.map [22m[32m276.31 KB[39m
[32mESM[39m ⚡️ Build success in 41ms
DTS Build start
src/index.ts(1,15): error TS5097: An import path can only end with a '.ts' extension when 'allowImportingTsExtensions' is enabled.
src/index.ts(2,15): error TS5097: An import path can only end with a '.ts' extension when 'allowImportingTsExtensions' is enabled.
src/index.ts(3,15): error TS5097: An import path can only end with a '.ts' extension when 'allowImportingTsExtensions' is enabled.
src/index.ts(4,15): error TS5097: An import path can only end with a '.ts' extension when 'allowImportingTsExtensions' is enabled.
src/index.ts(7,29): error TS5097: An import path can only end with a '.ts' extension when 'allowImportingTsExtensions' is enabled.
src/index.ts(9,21): error TS5097: An import path can only end with a '.ts' extension when 'allowImportingTsExtensions' is enabled.
src/index.ts(10,18): error TS5097: An import path can only end with a '.ts' extension when 'allowImportingTsExtensions' is enabled.
src/index.ts(12,27): error TS5097: An import path can only end with a '.ts' extension when 'allowImportingTsExtensions' is enabled.
src/index.ts(13,32): error TS5097: An import path can only end with a '.ts' extension when 'allowImportingTsExtensions' is enabled.
src/index.ts(14,36): error TS5097: An import path can only end with a '.ts' extension when 'allowImportingTsExtensions' is enabled.
src/index.ts(15,32): error TS5097: An import path can only end with a '.ts' extension when 'allowImportingTsExtensions' is enabled.
src/index.ts(16,31): error TS5097: An import path can only end with a '.ts' extension when 'allowImportingTsExtensions' is enabled.
src/index.ts(17,32): error TS5097: An import path can only end with a '.ts' extension when 'allowImportingTsExtensions' is enabled.

[31mError: error occurred in dts build
    at Worker.<anonymous> (/Users/bradymckenna/Aqua_Prime/node_modules/.pnpm/tsup@8.3.5_@swc+core@1.10.1_@swc+helpers@0.5.15__jiti@2.4.1_postcss@8.4.49_typescript@5.7.2_yaml@2.6.1/node_modules/tsup/dist/index.js:1541:26)
    at Worker.emit (node:events:513:28)
    at MessagePort.<anonymous> (node:internal/worker:267:53)
    at [nodejs.internal.kHybridDispatch] (node:internal/event_target:827:20)
    at MessagePort.<anonymous> (node:internal/per_context/messageport:23:28)[39m
DTS Build error
[41m[30m ELIFECYCLE [39m[49m [31mCommand failed with exit code 1.[39m
